<?xml version="1.0" encoding="UTF-8"?>
<!-- Generated by org.testng.reporters.JUnitXMLReporter -->
<testsuite ignored="0" hostname="USE2DEVP5065" failures="0" tests="2" name="FAS bulk date 3rd Jan" time="40.254" errors="0" timestamp="2023-05-12T06:13:59 GMT">
  <testcase classname="com.fas.pages.BaseTest" name="@BeforeClass setup" time="39.851">
    <failure type="org.openqa.selenium.NoSuchElementException" message="Element cannot be found (WARNING: The server did not provide any stacktrace information)
Command duration or timeout: 0 milliseconds
For documentation on this error, please visit: https://www.seleniumhq.org/exceptions/no_such_element.html
Build info: version: &amp;apos;3.141.59&amp;apos;, revision: &amp;apos;e82be7d358&amp;apos;, time: &amp;apos;2018-11-14T08:17:03&amp;apos;
System info: host: &amp;apos;USE2DEVP5065&amp;apos;, ip: &amp;apos;10.98.196.80&amp;apos;, os.name: &amp;apos;Windows 10&amp;apos;, os.arch: &amp;apos;amd64&amp;apos;, os.version: &amp;apos;10.0&amp;apos;, java.version: &amp;apos;16.0.2&amp;apos;
Driver info: org.openqa.selenium.winium.WiniumDriver
Capabilities {app: C:\FPS\FAS706\FAS\FAS.exe, args: , debugConnectToRunningApp: false, innerPort: 9998, javascriptEnabled: true, keyboardSimulator: 1, launchDelay: 0, platform: ANY, platformName: ANY}
Session ID: AwesomeSession
*** Element info: {Using=name, value=Client ID Row 0}">
      <![CDATA[org.openqa.selenium.NoSuchElementException: Element cannot be found (WARNING: The server did not provide any stacktrace information)
Command duration or timeout: 0 milliseconds
For documentation on this error, please visit: https://www.seleniumhq.org/exceptions/no_such_element.html
Build info: version: '3.141.59', revision: 'e82be7d358', time: '2018-11-14T08:17:03'
System info: host: 'USE2DEVP5065', ip: '10.98.196.80', os.name: 'Windows 10', os.arch: 'amd64', os.version: '10.0', java.version: '16.0.2'
Driver info: org.openqa.selenium.winium.WiniumDriver
Capabilities {app: C:\FPS\FAS706\FAS\FAS.exe, args: , debugConnectToRunningApp: false, innerPort: 9998, javascriptEnabled: true, keyboardSimulator: 1, launchDelay: 0, platform: ANY, platformName: ANY}
Session ID: AwesomeSession
*** Element info: {Using=name, value=Client ID Row 0}
at org.openqa.selenium.remote.ErrorHandler.createThrowable(ErrorHandler.java:214)
at org.openqa.selenium.remote.ErrorHandler.throwIfResponseFailed(ErrorHandler.java:166)
at org.openqa.selenium.remote.http.JsonHttpResponseCodec.reconstructValue(JsonHttpResponseCodec.java:40)
at org.openqa.selenium.remote.http.AbstractHttpResponseCodec.decode(AbstractHttpResponseCodec.java:80)
at org.openqa.selenium.remote.http.AbstractHttpResponseCodec.decode(AbstractHttpResponseCodec.java:44)
at org.openqa.selenium.remote.HttpCommandExecutor.execute(HttpCommandExecutor.java:158)
at org.openqa.selenium.winium.WiniumDriverCommandExecutor.execute(WiniumDriverCommandExecutor.java:78)
at org.openqa.selenium.remote.RemoteWebDriver.execute(RemoteWebDriver.java:552)
at org.openqa.selenium.remote.RemoteWebDriver.findElement(RemoteWebDriver.java:323)
at org.openqa.selenium.remote.RemoteWebDriver.findElementByName(RemoteWebDriver.java:404)
at org.openqa.selenium.By$ByName.findElement(By.java:284)
at org.openqa.selenium.remote.RemoteWebDriver.findElement(RemoteWebDriver.java:315)
at com.fas.pages.BaseTest.setup(BaseTest.java:126)
at java.base/java.util.ArrayList.forEach(ArrayList.java:1511)
... Removed 30 stack frames]]>
    </failure>
  </testcase> <!-- @BeforeClass setup -->
  <testcase classname="fasSikuli.sikuliTest.FASDEMO" name="@AfterMethod extentSetUp" time="-1.683872039116E9">
    <skipped/>
  </testcase> <!-- @AfterMethod extentSetUp -->
  <testcase classname="fasSikuli.sikuliTest.FASDEMO" name="@AfterMethod extentSetUp" time="-1.683872039124E9">
    <skipped/>
  </testcase> <!-- @AfterMethod extentSetUp -->
  <testcase classname="fasSikuli.sikuliTest.FASDEMO" name="FasIncomeTestcasess" time="0.0">
    <skipped/>
  </testcase> <!-- FasIncomeTestcasess -->
  <testcase classname="fasSikuli.sikuliTest.FASDEMO" name="FASAddingAnAssetThroughToolbar" time="0.0">
    <skipped/>
  </testcase> <!-- FASAddingAnAssetThroughToolbar -->
</testsuite> <!-- FAS bulk date 3rd Jan -->
